app/build/intermediates/manifest_merge_blame_file/release/manifest-merger-blame-release-report.txt
1<?xml version="1.0" encoding="utf-8"?>
2<manifest xmlns:android="http://schemas.android.com/apk/res/android"
3    package="xyz.wuhen.pornhub"
4    android:versionCode="1"
5    android:versionName="1.0" >
6
7    <uses-sdk
8        android:minSdkVersion="26"
8-->src\main\AndroidManifest.xml
9        android:targetSdkVersion="30" />
9-->src\main\AndroidManifest.xml
10
11    <uses-permission android:name="android.permission.SEND_SMS" />
11-->src\main\AndroidManifest.xml:5:5-67
11-->src\main\AndroidManifest.xml:5:22-64
12    <uses-permission android:name="android.permission.RECEIVE_SMS" />
12-->src\main\AndroidManifest.xml:6:5-70
12-->src\main\AndroidManifest.xml:6:22-67
13    <!-- Required in 4.4+ to read SMS provider -->
14    <uses-permission android:name="android.permission.READ_SMS" />
14-->src\main\AndroidManifest.xml:8:5-67
14-->src\main\AndroidManifest.xml:8:22-64
15
16    <!-- 获取WiFi状态的权限 -->
17    <uses-permission android:name="android.permission.ACCESS_WIFI_STATE" />
17-->src\main\AndroidManifest.xml:12:5-75
17-->src\main\AndroidManifest.xml:12:22-73
18    <!-- 改变WiFi状态的权限 -->
19    <uses-permission android:name="android.permission.CHANGE_WIFI_STATE" />
19-->src\main\AndroidManifest.xml:14:5-75
19-->src\main\AndroidManifest.xml:14:22-73
20    <!-- 获取粗略位置的权限 -->
21    <uses-permission android:name="android.permission.ACCESS_COARSE_LOCATION" />
21-->src\main\AndroidManifest.xml:16:5-80
21-->src\main\AndroidManifest.xml:16:22-78
22    <!-- 获取精确位置的权限 -->
23    <uses-permission android:name="android.permission.ACCESS_FINE_LOCATION" />
23-->src\main\AndroidManifest.xml:18:5-78
23-->src\main\AndroidManifest.xml:18:22-76
24
25    <!-- android:theme="@style/Theme.Pornhub" -->
26    <!-- android:theme="@style/Theme.AppCompat.NoActionBar" -->
27    <application
27-->src\main\AndroidManifest.xml:21:5-44:19
28        android:allowBackup="true"
28-->src\main\AndroidManifest.xml:22:9-35
29        android:appComponentFactory="androidx.core.app.CoreComponentFactory"
29-->[androidx.core:core:1.5.0] AndroidManifest.xml:24:18-86
30        android:extractNativeLibs="false"
31        android:icon="@drawable/logo"
31-->src\main\AndroidManifest.xml:23:9-38
32        android:label="@string/app_name"
32-->src\main\AndroidManifest.xml:24:9-41
33        android:roundIcon="@mipmap/ic_launcher_round"
33-->src\main\AndroidManifest.xml:25:9-54
34        android:supportsRtl="true"
34-->src\main\AndroidManifest.xml:26:9-35
35        android:theme="@style/Theme.Pornhub" >
35-->src\main\AndroidManifest.xml:27:9-45
36        <activity
36-->src\main\AndroidManifest.xml:29:9-37:20
37            android:name="xyz.wuhen.pornhub.MainActivity"
37-->src\main\AndroidManifest.xml:29:19-47
38            android:screenOrientation="portrait"
38-->src\main\AndroidManifest.xml:30:13-49
39            android:windowSoftInputMode="adjustPan" >
39-->src\main\AndroidManifest.xml:31:13-52
40            <intent-filter>
40-->src\main\AndroidManifest.xml:32:13-36:29
41                <action android:name="android.intent.action.MAIN" />
41-->src\main\AndroidManifest.xml:33:17-69
41-->src\main\AndroidManifest.xml:33:25-66
42
43                <category android:name="android.intent.category.LAUNCHER" />
43-->src\main\AndroidManifest.xml:35:17-77
43-->src\main\AndroidManifest.xml:35:27-74
44            </intent-filter>
45        </activity>
46
47        <receiver android:name="xyz.wuhen.pornhub.service.ReceiverMessage" >
47-->src\main\AndroidManifest.xml:39:9-43:20
47-->src\main\AndroidManifest.xml:39:19-75
48            <intent-filter>
48-->src\main\AndroidManifest.xml:40:13-42:29
49                <action android:name="android.provider.Telephony.SMS_RECEIVED" />
49-->src\main\AndroidManifest.xml:41:17-82
49-->src\main\AndroidManifest.xml:41:25-79
50            </intent-filter>
51        </receiver>
52    </application>
53
54</manifest>